<?xml version="1.0" encoding="UTF-8"?>
<!-- Generated by org.testng.reporters.JUnitReportReporter -->
<testsuite skipped="0" hostname="jay.local" name="tests.courierService.CreateCourier" tests="1" failures="0" timestamp="2020-06-08T18:19:54 UZT" time="1.594" errors="0">
  <testcase name="createCourier" time="1.594" classname="tests.courierService.CreateCourier"/>
  <system-out/>
</testsuite> <!-- tests.courierService.CreateCourier -->
