<?xml version="1.0" encoding="UTF-8"?>
<!-- Generated by org.testng.reporters.JUnitReportReporter -->
<testsuite skipped="0" hostname="jay.local" name="tests.courierService.GetAllCouriers" tests="1" failures="0" timestamp="2020-06-08T18:20:14 UZT" time="1.694" errors="0">
  <testcase name="getAllCouriers" time="1.694" classname="tests.courierService.GetAllCouriers"/>
  <system-out/>
</testsuite> <!-- tests.courierService.GetAllCouriers -->
