<?xml version="1.0" encoding="UTF-8"?>
<!-- Generated by org.testng.reporters.JUnitReportReporter -->
<testsuite skipped="0" hostname="jay.local" name="tests.courierService.UnblockingCourier" tests="1" failures="0" timestamp="2020-06-08T18:20:34 UZT" time="6.350" errors="0">
  <testcase name="unblockCourier" time="6.350" classname="tests.courierService.UnblockingCourier"/>
  <system-out/>
</testsuite> <!-- tests.courierService.UnblockingCourier -->
