<?xml version="1.0" encoding="UTF-8"?>
<!-- Generated by org.testng.reporters.JUnitReportReporter -->
<testsuite skipped="0" hostname="jay.local" name="tests.courierService.CourierLogin" tests="2" failures="0" timestamp="2020-06-08T18:20:19 UZT" time="8.065" errors="0">
  <testcase name="confirmLogin" time="1.428" classname="tests.courierService.CourierLogin"/>
  <system-out/>
  <testcase name="checkLogin" time="6.637" classname="tests.courierService.CourierLogin"/>
  <system-out/>
</testsuite> <!-- tests.courierService.CourierLogin -->
