<?xml version="1.0" encoding="UTF-8"?>
<!-- Generated by org.testng.reporters.JUnitReportReporter -->
<testsuite skipped="0" hostname="jay.local" name="tests.courierService.SearchByPhone" tests="1" failures="0" timestamp="2020-06-08T18:19:59 UZT" time="5.009" errors="0">
  <testcase name="getCourierByPhone" time="5.009" classname="tests.courierService.SearchByPhone"/>
  <system-out/>
</testsuite> <!-- tests.courierService.SearchByPhone -->
