<?xml version="1.0" encoding="UTF-8"?>
<!-- Generated by org.testng.reporters.JUnitReportReporter -->
<testsuite skipped="0" hostname="jay.local" name="tests.courierService.GetAllCourierBranchIds" tests="1" failures="0" timestamp="2020-06-08T18:20:29 UZT" time="2.865" errors="0">
  <testcase name="getCourierBranchesIds" time="2.865" classname="tests.courierService.GetAllCourierBranchIds"/>
  <system-out/>
</testsuite> <!-- tests.courierService.GetAllCourierBranchIds -->
