<?xml version="1.0" encoding="UTF-8"?>
<!-- Generated by org.testng.reporters.JUnitReportReporter -->
<testsuite skipped="0" hostname="jay.local" name="tests.courierService.BlockingCourier" tests="1" failures="0" timestamp="2020-06-08T18:20:04 UZT" time="3.916" errors="0">
  <testcase name="blockCourier" time="3.916" classname="tests.courierService.BlockingCourier"/>
  <system-out/>
</testsuite> <!-- tests.courierService.BlockingCourier -->
