<?xml version="1.0" encoding="UTF-8"?>
<!-- Generated by org.testng.reporters.JUnitReportReporter -->
<testsuite skipped="0" hostname="jay.local" name="tests.courierService.UpdateCourier" tests="1" failures="0" timestamp="2020-06-08T18:20:24 UZT" time="4.809" errors="0">
  <testcase name="updateCourier" time="4.809" classname="tests.courierService.UpdateCourier"/>
  <system-out/>
</testsuite> <!-- tests.courierService.UpdateCourier -->
