<?xml version="1.0" encoding="UTF-8"?>
<!-- Generated by org.testng.reporters.JUnitReportReporter -->
<testsuite skipped="0" hostname="jay.local" name="tests.courierService.GetCourier" tests="1" failures="0" timestamp="2020-06-08T18:20:09 UZT" time="3.995" errors="0">
  <testcase name="getCourier" time="3.995" classname="tests.courierService.GetCourier"/>
  <system-out/>
</testsuite> <!-- tests.courierService.GetCourier -->
